"../../../Engine/Content/EditorResources/S_Actor.ubulk" 0
"../../../Engine/Content/EditorResources/S_Actor.uasset" 1
"../../../Engine/Content/EditorResources/S_Actor.uexp" 2
"../../../Engine/Content/EditorResources/S_BoxReflectionCapture.uasset" 3
"../../../Engine/Content/EditorResources/S_BoxReflectionCapture.uexp" 4
"../../../Engine/Content/EngineResources/DefaultTexture.ubulk" 5
"../../../Engine/Content/EngineResources/DefaultTexture.uasset" 6
"../../../Engine/Content/EngineResources/DefaultTexture.uexp" 7
"../../../Engine/Content/EngineResources/DefaultTextureCube.uasset" 8
"../../../Engine/Content/EngineResources/DefaultTextureCube.uexp" 9
"../../../Engine/Content/EngineResources/DefaultVolumeTexture2D.uasset" 10
"../../../Engine/Content/EngineResources/DefaultVolumeTexture2D.uexp" 11
"../../../Engine/Content/EngineResources/DefaultVolumeTexture.uasset" 12
"../../../Engine/Content/EngineResources/DefaultVolumeTexture.uexp" 13
"../../../Engine/Content/EditorResources/S_Trigger.ubulk" 14
"../../../Engine/Content/EditorResources/S_Trigger.uasset" 15
"../../../Engine/Content/EditorResources/S_Trigger.uexp" 16
"../../../Engine/Content/EditorResources/S_TriggerBox.uasset" 17
"../../../Engine/Content/EditorResources/S_TriggerBox.uexp" 18
"../../../Engine/Content/EditorResources/S_TriggerCapsule.uasset" 19
"../../../Engine/Content/EditorResources/S_TriggerCapsule.uexp" 20
"../../../Engine/Content/EditorResources/S_TriggerSphere.uasset" 21
"../../../Engine/Content/EditorResources/S_TriggerSphere.uexp" 22
"../../../Engine/Content/EngineMeshes/Sphere.ubulk" 23
"../../../Engine/Content/EngineMeshes/Sphere.uasset" 24
"../../../Engine/Content/EngineMeshes/Sphere.uexp" 25
"../../../Engine/Content/EngineResources/GradientTexture0.uasset" 26
"../../../Engine/Content/EngineResources/GradientTexture0.uexp" 27
"../../../Engine/Content/EngineResources/Black.uasset" 28
"../../../Engine/Content/EngineResources/Black.uexp" 29
"../../../Engine/Content/VREditor/LaserPointer/VR_LaserPower_01.ubulk" 30
"../../../Engine/Content/VREditor/LaserPointer/VR_LaserPower_01.uasset" 31
"../../../Engine/Content/VREditor/LaserPointer/VR_LaserPower_01.uexp" 32
"../../../Engine/Content/VREditor/TransformGizmo/TransformGizmoMaterial.uasset" 33
"../../../Engine/Content/VREditor/TransformGizmo/TransformGizmoMaterial.uexp" 34
"../../../Engine/Content/VREditor/TransformGizmo/TranslucentTransformGizmoMaterial.uasset" 35
"../../../Engine/Content/VREditor/TransformGizmo/TranslucentTransformGizmoMaterial.uexp" 36
"../../../Engine/Content/VREditor/TransformGizmo/PlaneTranslationHandle.ubulk" 37
"../../../Engine/Content/VREditor/TransformGizmo/PlaneTranslationHandle.uasset" 38
"../../../Engine/Content/VREditor/TransformGizmo/PlaneTranslationHandle.uexp" 39
"../../../Engine/Content/VREditor/TransformGizmo/BoundingBoxCorner.ubulk" 40
"../../../Engine/Content/VREditor/TransformGizmo/BoundingBoxCorner.uasset" 41
"../../../Engine/Content/VREditor/TransformGizmo/BoundingBoxCorner.uexp" 42
"../../../Engine/Content/VREditor/TransformGizmo/BoundingBoxEdge.ubulk" 43
"../../../Engine/Content/VREditor/TransformGizmo/BoundingBoxEdge.uasset" 44
"../../../Engine/Content/VREditor/TransformGizmo/BoundingBoxEdge.uexp" 45
"../../../Engine/Content/VREditor/TransformGizmo/Main.uasset" 46
"../../../Engine/Content/VREditor/TransformGizmo/Main.uexp" 47
"../../../Engine/Content/VREditor/TransformGizmo/Xray.uasset" 48
"../../../Engine/Content/VREditor/TransformGizmo/Xray.uexp" 49
"../../../Engine/Content/VREditor/TransformGizmo/SM_Sequencer_Node.ubulk" 50
"../../../Engine/Content/VREditor/TransformGizmo/SM_Sequencer_Node.uasset" 51
"../../../Engine/Content/VREditor/TransformGizmo/SM_Sequencer_Node.uexp" 52
"../../../Engine/Content/EditorMaterials/Camera/CineMat.uasset" 53
"../../../Engine/Content/EditorMaterials/Camera/CineMat.uexp" 54
"../../../Engine/Content/EditorMaterials/Camera/MI_CineMat_Rig.uasset" 55
"../../../Engine/Content/EditorMaterials/Camera/MI_CineMat_Rig.uexp" 56
"../../../Engine/Content/EditorMeshes/Camera/SM_CraneRig_Base.ubulk" 57
"../../../Engine/Content/EditorMeshes/Camera/SM_CraneRig_Base.uasset" 58
"../../../Engine/Content/EditorMeshes/Camera/SM_CraneRig_Base.uexp" 59
"../../../Engine/Content/EditorMeshes/Camera/SM_CraneRig_Arm.ubulk" 60
"../../../Engine/Content/EditorMeshes/Camera/SM_CraneRig_Arm.uasset" 61
"../../../Engine/Content/EditorMeshes/Camera/SM_CraneRig_Arm.uexp" 62
"../../../Engine/Content/EditorMeshes/Camera/SM_CraneRig_Mount.ubulk" 63
"../../../Engine/Content/EditorMeshes/Camera/SM_CraneRig_Mount.uasset" 64
"../../../Engine/Content/EditorMeshes/Camera/SM_CraneRig_Mount.uexp" 65
"../../../Engine/Content/EditorMeshes/Camera/SM_CraneRig_Body.ubulk" 66
"../../../Engine/Content/EditorMeshes/Camera/SM_CraneRig_Body.uasset" 67
"../../../Engine/Content/EditorMeshes/Camera/SM_CraneRig_Body.uexp" 68
"../../../Engine/Content/EditorMeshes/Camera/SM_RailRig_Track.ubulk" 69
"../../../Engine/Content/EditorMeshes/Camera/SM_RailRig_Track.uasset" 70
"../../../Engine/Content/EditorMeshes/Camera/SM_RailRig_Track.uexp" 71
"../../../Engine/Content/EditorMeshes/Camera/SM_RailRig_Mount.ubulk" 72
"../../../Engine/Content/EditorMeshes/Camera/SM_RailRig_Mount.uasset" 73
"../../../Engine/Content/EditorMeshes/Camera/SM_RailRig_Mount.uexp" 74
"../../../Engine/Content/EngineMaterials/T_Default_Material_Grid_M.ubulk" 75
"../../../Engine/Content/EngineMaterials/T_Default_Material_Grid_M.uasset" 76
"../../../Engine/Content/EngineMaterials/T_Default_Material_Grid_M.uexp" 77
"../../../Engine/Content/EngineMaterials/T_Default_Material_Grid_N.ubulk" 78
"../../../Engine/Content/EngineMaterials/T_Default_Material_Grid_N.uasset" 79
"../../../Engine/Content/EngineMaterials/T_Default_Material_Grid_N.uexp" 80
"../../../Engine/Content/Functions/Engine_MaterialFunctions01/Opacity/CameraDepthFade.uasset" 81
"../../../Engine/Content/Functions/Engine_MaterialFunctions01/Opacity/CameraDepthFade.uexp" 82
"../../../Engine/Content/EngineMaterials/WorldGridMaterial.uasset" 83
"../../../Engine/Content/EngineMaterials/WorldGridMaterial.uexp" 84
"../../../Engine/Content/ArtTools/RenderToTexture/Meshes/S_1_Unit_Plane.ubulk" 85
"../../../Engine/Content/ArtTools/RenderToTexture/Meshes/S_1_Unit_Plane.uasset" 86
"../../../Engine/Content/ArtTools/RenderToTexture/Meshes/S_1_Unit_Plane.uexp" 87
"../../../Engine/Content/EditorMaterials/ParticleSystems/PSysThumbnail_NoImage.ubulk" 88
"../../../Engine/Content/EditorMaterials/ParticleSystems/PSysThumbnail_NoImage.uasset" 89
"../../../Engine/Content/EditorMaterials/ParticleSystems/PSysThumbnail_NoImage.uexp" 90
"../../../Engine/Content/EditorMaterials/ParticleSystems/PSysThumbnail_OOD.ubulk" 91
"../../../Engine/Content/EditorMaterials/ParticleSystems/PSysThumbnail_OOD.uasset" 92
"../../../Engine/Content/EditorMaterials/ParticleSystems/PSysThumbnail_OOD.uexp" 93
"../../../Engine/Content/EditorLandscapeResources/SplineEditorMeshMat.uasset" 94
"../../../Engine/Content/EditorLandscapeResources/SplineEditorMeshMat.uexp" 95
"../../../Engine/Content/EditorLandscapeResources/SplineEditorMesh.ubulk" 96
"../../../Engine/Content/EditorLandscapeResources/SplineEditorMesh.uasset" 97
"../../../Engine/Content/EditorLandscapeResources/SplineEditorMesh.uexp" 98
"../../../Engine/Content/EditorResources/S_Solver.ubulk" 99
"../../../Engine/Content/EditorResources/S_Solver.uasset" 100
"../../../Engine/Content/EditorResources/S_Solver.uexp" 101
"../../../Engine/Plugins/Media/MediaPlate/Content/SM_MediaPlateScreen.ubulk" 102
"../../../Engine/Plugins/Media/MediaPlate/Content/SM_MediaPlateScreen.uasset" 103
"../../../Engine/Plugins/Media/MediaPlate/Content/SM_MediaPlateScreen.uexp" 104
"../../../Engine/Content/EngineMaterials/Good64x64TilingNoiseHighFreq.uasset" 105
"../../../Engine/Content/EngineMaterials/Good64x64TilingNoiseHighFreq.uexp" 106
"../../../Engine/Content/EngineMaterials/DefaultBokeh.uasset" 107
"../../../Engine/Content/EngineMaterials/DefaultBokeh.uexp" 108
"../../../Engine/Content/EngineMaterials/PreintegratedSkinBRDF.uasset" 109
"../../../Engine/Content/EngineMaterials/PreintegratedSkinBRDF.uexp" 110
"../../../Engine/Content/EngineMaterials/MiniFont.uasset" 111
"../../../Engine/Content/EngineMaterials/MiniFont.uexp" 112
"../../../Engine/Content/EngineMaterials/WeightMapPlaceholderTexture.uasset" 113
"../../../Engine/Content/EngineMaterials/WeightMapPlaceholderTexture.uexp" 114
"../../../Engine/Content/EngineMaterials/DefaultWhiteGrid.ubulk" 115
"../../../Engine/Content/EngineMaterials/DefaultWhiteGrid.uasset" 116
"../../../Engine/Content/EngineMaterials/DefaultWhiteGrid.uexp" 117
"../../../Engine/Plugins/2D/Paper2D/Content/PlaceholderTextures/DummySpriteTexture.ubulk" 118
"../../../Engine/Plugins/2D/Paper2D/Content/PlaceholderTextures/DummySpriteTexture.uasset" 119
"../../../Engine/Plugins/2D/Paper2D/Content/PlaceholderTextures/DummySpriteTexture.uexp" 120
"../../../Engine/Plugins/2D/Paper2D/Content/DefaultSpriteMaterial.uasset" 121
"../../../Engine/Plugins/2D/Paper2D/Content/DefaultSpriteMaterial.uexp" 122
"../../../Engine/Plugins/2D/Paper2D/Content/OpaqueUnlitSpriteMaterial.uasset" 123
"../../../Engine/Plugins/2D/Paper2D/Content/OpaqueUnlitSpriteMaterial.uexp" 124
"../../../Engine/Plugins/2D/Paper2D/Content/MaskedUnlitSpriteMaterial.uasset" 125
"../../../Engine/Plugins/2D/Paper2D/Content/MaskedUnlitSpriteMaterial.uexp" 126
"../../../Engine/Plugins/2D/Paper2D/Content/DummySprite.uasset" 127
"../../../Engine/Plugins/2D/Paper2D/Content/DummySprite.uexp" 128
"../../../Engine/Plugins/2D/Paper2D/Content/DefaultPaperTerrainMaterial.uasset" 129
"../../../Engine/Plugins/2D/Paper2D/Content/DefaultPaperTerrainMaterial.uexp" 130
"../../../Engine/Content/Functions/Engine_MaterialFunctions02/WorldPositionOffset/CameraOffset.uasset" 131
"../../../Engine/Content/Functions/Engine_MaterialFunctions02/WorldPositionOffset/CameraOffset.uexp" 132
"../../../Engine/Plugins/Animation/ControlRig/Content/M_Manip.uasset" 133
"../../../Engine/Plugins/Animation/ControlRig/Content/M_Manip.uexp" 134
"../../../Engine/Content/EngineMaterials/DefaultMaterial.uasset" 135
"../../../Engine/Content/EngineMaterials/DefaultMaterial.uexp" 136
"../../../Engine/Content/BasicShapes/Sphere.ubulk" 137
"../../../Engine/Content/BasicShapes/Sphere.uasset" 138
"../../../Engine/Content/BasicShapes/Sphere.uexp" 139
"../../../Engine/Content/BasicShapes/Plane.ubulk" 140
"../../../Engine/Content/BasicShapes/Plane.uasset" 141
"../../../Engine/Content/BasicShapes/Plane.uexp" 142
"../../../Engine/Content/BasicShapes/Cylinder.ubulk" 143
"../../../Engine/Content/BasicShapes/Cylinder.uasset" 144
"../../../Engine/Content/BasicShapes/Cylinder.uexp" 145
"../../../Engine/Content/BasicShapes/Cone.ubulk" 146
"../../../Engine/Content/BasicShapes/Cone.uasset" 147
"../../../Engine/Content/BasicShapes/Cone.uexp" 148
"../../../Engine/Content/Functions/Engine_MaterialFunctions02/Utility/CameraDirectionVector.uasset" 149
"../../../Engine/Content/Functions/Engine_MaterialFunctions02/Utility/CameraDirectionVector.uexp" 150
"../../../Engine/Content/EngineDebugMaterials/VolumeToRender.uasset" 151
"../../../Engine/Content/EngineDebugMaterials/VolumeToRender.uexp" 152
"../../../Engine/Content/EngineDebugMaterials/M_VolumeRenderSphereTracePP.uasset" 153
"../../../Engine/Content/EngineDebugMaterials/M_VolumeRenderSphereTracePP.uexp" 154
"../../../Engine/Content/EngineDebugMaterials/M_SimpleUnlitTranslucent.uasset" 155
"../../../Engine/Content/EngineDebugMaterials/M_SimpleUnlitTranslucent.uexp" 156
"../../../Engine/Content/EngineDebugMaterials/DebugMeshMaterial.uasset" 157
"../../../Engine/Content/EngineDebugMaterials/DebugMeshMaterial.uexp" 158
"../../../Engine/Content/EngineDebugMaterials/DebugEditorMaterial.uasset" 159
"../../../Engine/Content/EngineDebugMaterials/DebugEditorMaterial.uexp" 160
"../../../Engine/Content/EngineDamageTypes/DmgTypeBP_Environmental.uasset" 161
"../../../Engine/Content/EngineDamageTypes/DmgTypeBP_Environmental.uexp" 162
"../../../Engine/Plugins/Runtime/MeshModelingToolset/Content/Materials/M_DynamicMeshComponentVtxColor.uasset" 163
"../../../Engine/Plugins/Runtime/MeshModelingToolset/Content/Materials/M_DynamicMeshComponentVtxColor.uexp" 164
"../../../Engine/Plugins/Interchange/Runtime/Content/Pipelines/DefaultTexturePipeline.uasset" 165
"../../../Engine/Plugins/Interchange/Runtime/Content/Pipelines/DefaultTexturePipeline.uexp" 166
"../../../Engine/Plugins/Interchange/Runtime/Content/Pipelines/DefaultSceneLevelPipeline.uasset" 167
"../../../Engine/Plugins/Interchange/Runtime/Content/Pipelines/DefaultSceneLevelPipeline.uexp" 168
"../../../Engine/Plugins/Interchange/Runtime/Content/Pipelines/DefaultSceneAssetsPipeline.uasset" 169
"../../../Engine/Plugins/Interchange/Runtime/Content/Pipelines/DefaultSceneAssetsPipeline.uexp" 170
"../../../Engine/Plugins/Interchange/Runtime/Content/Pipelines/DefaultMaterialPipeline.uasset" 171
"../../../Engine/Plugins/Interchange/Runtime/Content/Pipelines/DefaultMaterialPipeline.uexp" 172
"../../../Engine/Plugins/Interchange/Runtime/Content/Pipelines/DefaultAssetsPipeline.uasset" 173
"../../../Engine/Plugins/Interchange/Runtime/Content/Pipelines/DefaultAssetsPipeline.uexp" 174
"../../../Engine/Plugins/Editor/SpeedTreeImporter/Content/SpeedTree9/game_wind_noise.ubulk" 175
"../../../Engine/Plugins/Editor/SpeedTreeImporter/Content/SpeedTree9/game_wind_noise.uasset" 176
"../../../Engine/Plugins/Editor/SpeedTreeImporter/Content/SpeedTree9/game_wind_noise.uexp" 177
"../../../Engine/Plugins/Editor/SpeedTreeImporter/Content/SpeedTree9/UnpackDirection.uasset" 178
"../../../Engine/Plugins/Editor/SpeedTreeImporter/Content/SpeedTree9/UnpackDirection.uexp" 179
"../../../Engine/Content/Functions/Engine_MaterialFunctions02/ObjectLocalBounds.uasset" 180
"../../../Engine/Content/Functions/Engine_MaterialFunctions02/ObjectLocalBounds.uexp" 181
"../../../Engine/Content/Functions/Engine_MaterialFunctions02/Utility/BreakOutFloat3Components.uasset" 182
"../../../Engine/Content/Functions/Engine_MaterialFunctions02/Utility/BreakOutFloat3Components.uexp" 183
"../../../Engine/Content/Functions/Engine_MaterialFunctions02/UVs/BoundingBoxBased_0-1_UVW.uasset" 184
"../../../Engine/Content/Functions/Engine_MaterialFunctions02/UVs/BoundingBoxBased_0-1_UVW.uexp" 185
"../../../Engine/Content/Functions/Engine_MaterialFunctions02/Utility/VectorLength.uasset" 186
"../../../Engine/Content/Functions/Engine_MaterialFunctions02/Utility/VectorLength.uexp" 187
"../../../Engine/Plugins/Editor/SpeedTreeImporter/Content/SpeedTree9/UnpackInteger3.uasset" 188
"../../../Engine/Plugins/Editor/SpeedTreeImporter/Content/SpeedTree9/UnpackInteger3.uexp" 189
"../../../Engine/Plugins/Editor/SpeedTreeImporter/Content/SpeedTree9/SpeedTreeCameraFacing.uasset" 190
"../../../Engine/Plugins/Editor/SpeedTreeImporter/Content/SpeedTree9/SpeedTreeCameraFacing.uexp" 191
"../../../Engine/Content/Functions/Engine_MaterialFunctions02/WorldPositionOffset/ObjectScale.uasset" 192
"../../../Engine/Content/Functions/Engine_MaterialFunctions02/WorldPositionOffset/ObjectScale.uexp" 193
"../../../Engine/Content/Functions/Engine_MaterialFunctions02/SafeNormalize.uasset" 194
"../../../Engine/Content/Functions/Engine_MaterialFunctions02/SafeNormalize.uexp" 195
"../../../Engine/Plugins/Editor/SpeedTreeImporter/Content/SpeedTree9/SpeedTreeWindMotion.uasset" 196
"../../../Engine/Plugins/Editor/SpeedTreeImporter/Content/SpeedTree9/SpeedTreeWindMotion.uexp" 197
"../../../Engine/Plugins/Editor/SpeedTreeImporter/Content/SpeedTree9/SpeedTreeBranchMotion.uasset" 198
"../../../Engine/Plugins/Editor/SpeedTreeImporter/Content/SpeedTree9/SpeedTreeBranchMotion.uexp" 199
"../../../Engine/Plugins/Editor/SpeedTreeImporter/Content/SpeedTree9/SpeedTreeWind.uasset" 200
"../../../Engine/Plugins/Editor/SpeedTreeImporter/Content/SpeedTree9/SpeedTreeWind.uexp" 201
"../../../Engine/Plugins/Editor/SpeedTreeImporter/Content/SpeedTree9/EmptyNormal.uasset" 202
"../../../Engine/Plugins/Editor/SpeedTreeImporter/Content/SpeedTree9/EmptyNormal.uexp" 203
"../../../Engine/Plugins/Editor/SpeedTreeImporter/Content/SpeedTree9/Empty.uasset" 204
"../../../Engine/Plugins/Editor/SpeedTreeImporter/Content/SpeedTree9/Empty.uexp" 205
"../../../Engine/Plugins/Editor/SpeedTreeImporter/Content/SpeedTree9/SpeedTreeMaster.uasset" 206
"../../../Engine/Plugins/Editor/SpeedTreeImporter/Content/SpeedTree9/SpeedTreeMaster.uexp" 207
"../../../Engine/Plugins/Editor/SpeedTreeImporter/Content/SpeedTree9/SpeedTreeBillboard.uasset" 208
"../../../Engine/Plugins/Editor/SpeedTreeImporter/Content/SpeedTree9/SpeedTreeBillboard.uexp" 209
"../../../Engine/Plugins/Editor/SpeedTreeImporter/Content/SpeedTree9/SpeedTreeBillboardMaster.uasset" 210
"../../../Engine/Plugins/Editor/SpeedTreeImporter/Content/SpeedTree9/SpeedTreeBillboardMaster.uexp" 211
"../../../Engine/Plugins/Animation/ControlRig/Content/Controls/DefaultGizmoLibraryNormalized.uasset" 212
"../../../Engine/Plugins/Animation/ControlRig/Content/Controls/DefaultGizmoLibraryNormalized.uexp" 213
"../../../Engine/Plugins/Animation/ControlRig/Content/Controls/ControlRig_Wedge_solid.ubulk" 214
"../../../Engine/Plugins/Animation/ControlRig/Content/Controls/ControlRig_Wedge_solid.uasset" 215
"../../../Engine/Plugins/Animation/ControlRig/Content/Controls/ControlRig_Wedge_solid.uexp" 216
"../../../Engine/Plugins/Animation/ControlRig/Content/Controls/ControlRig_Wedge_3mm.ubulk" 217
"../../../Engine/Plugins/Animation/ControlRig/Content/Controls/ControlRig_Wedge_3mm.uasset" 218
"../../../Engine/Plugins/Animation/ControlRig/Content/Controls/ControlRig_Wedge_3mm.uexp" 219
"../../../Engine/Plugins/Animation/ControlRig/Content/Controls/ControlRig_Wedge_1mm.ubulk" 220
"../../../Engine/Plugins/Animation/ControlRig/Content/Controls/ControlRig_Wedge_1mm.uasset" 221
"../../../Engine/Plugins/Animation/ControlRig/Content/Controls/ControlRig_Wedge_1mm.uexp" 222
"../../../Engine/Plugins/Animation/ControlRig/Content/Controls/ControlRig_Triangle_solid.ubulk" 223
"../../../Engine/Plugins/Animation/ControlRig/Content/Controls/ControlRig_Triangle_solid.uasset" 224
"../../../Engine/Plugins/Animation/ControlRig/Content/Controls/ControlRig_Triangle_solid.uexp" 225
"../../../Engine/Plugins/Animation/ControlRig/Content/Controls/ControlRig_Triangle_3mm.ubulk" 226
"../../../Engine/Plugins/Animation/ControlRig/Content/Controls/ControlRig_Triangle_3mm.uasset" 227
"../../../Engine/Plugins/Animation/ControlRig/Content/Controls/ControlRig_Triangle_3mm.uexp" 228
"../../../Engine/Plugins/Animation/ControlRig/Content/Controls/ControlRig_Triangle_1mm.ubulk" 229
"../../../Engine/Plugins/Animation/ControlRig/Content/Controls/ControlRig_Triangle_1mm.uasset" 230
"../../../Engine/Plugins/Animation/ControlRig/Content/Controls/ControlRig_Triangle_1mm.uexp" 231
"../../../Engine/Plugins/Animation/ControlRig/Content/Controls/ControlRig_Star4_solid.ubulk" 232
"../../../Engine/Plugins/Animation/ControlRig/Content/Controls/ControlRig_Star4_solid.uasset" 233
"../../../Engine/Plugins/Animation/ControlRig/Content/Controls/ControlRig_Star4_solid.uexp" 234
"../../../Engine/Plugins/Animation/ControlRig/Content/Controls/ControlRig_Star4_3mm.ubulk" 235
"../../../Engine/Plugins/Animation/ControlRig/Content/Controls/ControlRig_Star4_3mm.uasset" 236
"../../../Engine/Plugins/Animation/ControlRig/Content/Controls/ControlRig_Star4_3mm.uexp" 237
"../../../Engine/Plugins/Animation/ControlRig/Content/Controls/ControlRig_Star4_1mm.ubulk" 238
"../../../Engine/Plugins/Animation/ControlRig/Content/Controls/ControlRig_Star4_1mm.uasset" 239
"../../../Engine/Plugins/Animation/ControlRig/Content/Controls/ControlRig_Star4_1mm.uexp" 240
"../../../Engine/Plugins/Animation/ControlRig/Content/Controls/ControlRig_Square_solid.ubulk" 241
"../../../Engine/Plugins/Animation/ControlRig/Content/Controls/ControlRig_Square_solid.uasset" 242
"../../../Engine/Plugins/Animation/ControlRig/Content/Controls/ControlRig_Square_solid.uexp" 243
"../../../Engine/Plugins/Animation/ControlRig/Content/Controls/ControlRig_Square_3mm.ubulk" 244
"../../../Engine/Plugins/Animation/ControlRig/Content/Controls/ControlRig_Square_3mm.uasset" 245
"../../../Engine/Plugins/Animation/ControlRig/Content/Controls/ControlRig_Square_3mm.uexp" 246
"../../../Engine/Plugins/Animation/ControlRig/Content/Controls/ControlRig_Square_1mm.ubulk" 247
"../../../Engine/Plugins/Animation/ControlRig/Content/Controls/ControlRig_Square_1mm.uasset" 248
"../../../Engine/Plugins/Animation/ControlRig/Content/Controls/ControlRig_Square_1mm.uexp" 249
"../../../Engine/Plugins/Animation/ControlRig/Content/Controls/ControlRig_Sphere_solid.ubulk" 250
"../../../Engine/Plugins/Animation/ControlRig/Content/Controls/ControlRig_Sphere_solid.uasset" 251
"../../../Engine/Plugins/Animation/ControlRig/Content/Controls/ControlRig_Sphere_solid.uexp" 252
"../../../Engine/Plugins/Animation/ControlRig/Content/Controls/ControlRig_Sphere_3mm.ubulk" 253
"../../../Engine/Plugins/Animation/ControlRig/Content/Controls/ControlRig_Sphere_3mm.uasset" 254
"../../../Engine/Plugins/Animation/ControlRig/Content/Controls/ControlRig_Sphere_3mm.uexp" 255
"../../../Engine/Plugins/Animation/ControlRig/Content/Controls/ControlRig_Sphere_1mm.ubulk" 256
"../../../Engine/Plugins/Animation/ControlRig/Content/Controls/ControlRig_Sphere_1mm.uasset" 257
"../../../Engine/Plugins/Animation/ControlRig/Content/Controls/ControlRig_Sphere_1mm.uexp" 258
"../../../Engine/Plugins/Animation/ControlRig/Content/Controls/ControlRig_RoundedTriangle_solid.ubulk" 259
"../../../Engine/Plugins/Animation/ControlRig/Content/Controls/ControlRig_RoundedTriangle_solid.uasset" 260
"../../../Engine/Plugins/Animation/ControlRig/Content/Controls/ControlRig_RoundedTriangle_solid.uexp" 261
"../../../Engine/Plugins/Animation/ControlRig/Content/Controls/ControlRig_RoundedTriangle_3mm.ubulk" 262
"../../../Engine/Plugins/Animation/ControlRig/Content/Controls/ControlRig_RoundedTriangle_3mm.uasset" 263
"../../../Engine/Plugins/Animation/ControlRig/Content/Controls/ControlRig_RoundedTriangle_3mm.uexp" 264
"../../../Engine/Plugins/Animation/ControlRig/Content/Controls/ControlRig_RoundedTriangle_1mm.ubulk" 265
"../../../Engine/Plugins/Animation/ControlRig/Content/Controls/ControlRig_RoundedTriangle_1mm.uasset" 266
"../../../Engine/Plugins/Animation/ControlRig/Content/Controls/ControlRig_RoundedTriangle_1mm.uexp" 267
"../../../Engine/Plugins/Animation/ControlRig/Content/Controls/ControlRig_RoundedSquare_solid.ubulk" 268
"../../../Engine/Plugins/Animation/ControlRig/Content/Controls/ControlRig_RoundedSquare_solid.uasset" 269
"../../../Engine/Plugins/Animation/ControlRig/Content/Controls/ControlRig_RoundedSquare_solid.uexp" 270
"../../../Engine/Plugins/Animation/ControlRig/Content/Controls/ControlRig_RoundedSquare_3mm.ubulk" 271
"../../../Engine/Plugins/Animation/ControlRig/Content/Controls/ControlRig_RoundedSquare_3mm.uasset" 272
"../../../Engine/Plugins/Animation/ControlRig/Content/Controls/ControlRig_RoundedSquare_3mm.uexp" 273
"../../../Engine/Plugins/Animation/ControlRig/Content/Controls/ControlRig_RoundedSquare_1mm.ubulk" 274
"../../../Engine/Plugins/Animation/ControlRig/Content/Controls/ControlRig_RoundedSquare_1mm.uasset" 275
"../../../Engine/Plugins/Animation/ControlRig/Content/Controls/ControlRig_RoundedSquare_1mm.uexp" 276
"../../../Engine/Plugins/Animation/ControlRig/Content/Controls/ControlRig_QuarterCircle_solid.ubulk" 277
"../../../Engine/Plugins/Animation/ControlRig/Content/Controls/ControlRig_QuarterCircle_solid.uasset" 278
"../../../Engine/Plugins/Animation/ControlRig/Content/Controls/ControlRig_QuarterCircle_solid.uexp" 279
"../../../Engine/Plugins/Animation/ControlRig/Content/Controls/ControlRig_QuarterCircle_3mm.ubulk" 280
"../../../Engine/Plugins/Animation/ControlRig/Content/Controls/ControlRig_QuarterCircle_3mm.uasset" 281
"../../../Engine/Plugins/Animation/ControlRig/Content/Controls/ControlRig_QuarterCircle_3mm.uexp" 282
"../../../Engine/Plugins/Animation/ControlRig/Content/Controls/ControlRig_QuarterCircle_1mm.ubulk" 283
"../../../Engine/Plugins/Animation/ControlRig/Content/Controls/ControlRig_QuarterCircle_1mm.uasset" 284
"../../../Engine/Plugins/Animation/ControlRig/Content/Controls/ControlRig_QuarterCircle_1mm.uexp" 285
"../../../Engine/Plugins/Animation/ControlRig/Content/Controls/ControlRig_Pyramid_solid.ubulk" 286
"../../../Engine/Plugins/Animation/ControlRig/Content/Controls/ControlRig_Pyramid_solid.uasset" 287
"../../../Engine/Plugins/Animation/ControlRig/Content/Controls/ControlRig_Pyramid_solid.uexp" 288
"../../../Engine/Plugins/Animation/ControlRig/Content/Controls/ControlRig_Pyramid_3mm.ubulk" 289
"../../../Engine/Plugins/Animation/ControlRig/Content/Controls/ControlRig_Pyramid_3mm.uasset" 290
"../../../Engine/Plugins/Animation/ControlRig/Content/Controls/ControlRig_Pyramid_3mm.uexp" 291
"../../../Engine/Plugins/Animation/ControlRig/Content/Controls/ControlRig_Pyramid_1mm.ubulk" 292
"../../../Engine/Plugins/Animation/ControlRig/Content/Controls/ControlRig_Pyramid_1mm.uasset" 293
"../../../Engine/Plugins/Animation/ControlRig/Content/Controls/ControlRig_Pyramid_1mm.uexp" 294
"../../../Engine/Plugins/Animation/ControlRig/Content/Controls/ControlRig_Octagon_solid.ubulk" 295
"../../../Engine/Plugins/Animation/ControlRig/Content/Controls/ControlRig_Octagon_solid.uasset" 296
"../../../Engine/Plugins/Animation/ControlRig/Content/Controls/ControlRig_Octagon_solid.uexp" 297
"../../../Engine/Plugins/Animation/ControlRig/Content/Controls/ControlRig_Octagon_3mm.ubulk" 298
"../../../Engine/Plugins/Animation/ControlRig/Content/Controls/ControlRig_Octagon_3mm.uasset" 299
"../../../Engine/Plugins/Animation/ControlRig/Content/Controls/ControlRig_Octagon_3mm.uexp" 300
"../../../Engine/Plugins/Animation/ControlRig/Content/Controls/ControlRig_Octagon_1mm.ubulk" 301
"../../../Engine/Plugins/Animation/ControlRig/Content/Controls/ControlRig_Octagon_1mm.uasset" 302
"../../../Engine/Plugins/Animation/ControlRig/Content/Controls/ControlRig_Octagon_1mm.uexp" 303
"../../../Engine/Plugins/Animation/ControlRig/Content/Controls/ControlRig_Hexagon_solid.ubulk" 304
"../../../Engine/Plugins/Animation/ControlRig/Content/Controls/ControlRig_Hexagon_solid.uasset" 305
"../../../Engine/Plugins/Animation/ControlRig/Content/Controls/ControlRig_Hexagon_solid.uexp" 306
"../../../Engine/Plugins/Animation/ControlRig/Content/Controls/ControlRig_Hexagon_3mm.ubulk" 307
"../../../Engine/Plugins/Animation/ControlRig/Content/Controls/ControlRig_Hexagon_3mm.uasset" 308
"../../../Engine/Plugins/Animation/ControlRig/Content/Controls/ControlRig_Hexagon_3mm.uexp" 309
"../../../Engine/Plugins/Animation/ControlRig/Content/Controls/ControlRig_Hexagon_1mm.ubulk" 310
"../../../Engine/Plugins/Animation/ControlRig/Content/Controls/ControlRig_Hexagon_1mm.uasset" 311
"../../../Engine/Plugins/Animation/ControlRig/Content/Controls/ControlRig_Hexagon_1mm.uexp" 312
"../../../Engine/Plugins/Animation/ControlRig/Content/Controls/ControlRig_HalfCircle_solid.ubulk" 313
"../../../Engine/Plugins/Animation/ControlRig/Content/Controls/ControlRig_HalfCircle_solid.uasset" 314
"../../../Engine/Plugins/Animation/ControlRig/Content/Controls/ControlRig_HalfCircle_solid.uexp" 315
"../../../Engine/Plugins/Animation/ControlRig/Content/Controls/ControlRig_HalfCircle_3mm.ubulk" 316
"../../../Engine/Plugins/Animation/ControlRig/Content/Controls/ControlRig_HalfCircle_3mm.uasset" 317
"../../../Engine/Plugins/Animation/ControlRig/Content/Controls/ControlRig_HalfCircle_3mm.uexp" 318
"../../../Engine/Plugins/Animation/ControlRig/Content/Controls/ControlRig_HalfCircle_1mm.ubulk" 319
"../../../Engine/Plugins/Animation/ControlRig/Content/Controls/ControlRig_HalfCircle_1mm.uasset" 320
"../../../Engine/Plugins/Animation/ControlRig/Content/Controls/ControlRig_HalfCircle_1mm.uexp" 321
"../../../Engine/Plugins/Animation/ControlRig/Content/Controls/ControlRig_Diamond_solid.ubulk" 322
"../../../Engine/Plugins/Animation/ControlRig/Content/Controls/ControlRig_Diamond_solid.uasset" 323
"../../../Engine/Plugins/Animation/ControlRig/Content/Controls/ControlRig_Diamond_solid.uexp" 324
"../../../Engine/Plugins/Animation/ControlRig/Content/Controls/ControlRig_Diamond_3mm.ubulk" 325
"../../../Engine/Plugins/Animation/ControlRig/Content/Controls/ControlRig_Diamond_3mm.uasset" 326
"../../../Engine/Plugins/Animation/ControlRig/Content/Controls/ControlRig_Diamond_3mm.uexp" 327
"../../../Engine/Plugins/Animation/ControlRig/Content/Controls/ControlRig_Diamond_1mm.ubulk" 328
"../../../Engine/Plugins/Animation/ControlRig/Content/Controls/ControlRig_Diamond_1mm.uasset" 329
"../../../Engine/Plugins/Animation/ControlRig/Content/Controls/ControlRig_Diamond_1mm.uexp" 330
"../../../Engine/Plugins/Animation/ControlRig/Content/Controls/ControlRig_Circle_solid.ubulk" 331
"../../../Engine/Plugins/Animation/ControlRig/Content/Controls/ControlRig_Circle_solid.uasset" 332
"../../../Engine/Plugins/Animation/ControlRig/Content/Controls/ControlRig_Circle_solid.uexp" 333
"../../../Engine/Plugins/Animation/ControlRig/Content/Controls/ControlRig_Circle_3mm.ubulk" 334
"../../../Engine/Plugins/Animation/ControlRig/Content/Controls/ControlRig_Circle_3mm.uasset" 335
"../../../Engine/Plugins/Animation/ControlRig/Content/Controls/ControlRig_Circle_3mm.uexp" 336
"../../../Engine/Plugins/Animation/ControlRig/Content/Controls/ControlRig_Circle_1mm.ubulk" 337
"../../../Engine/Plugins/Animation/ControlRig/Content/Controls/ControlRig_Circle_1mm.uasset" 338
"../../../Engine/Plugins/Animation/ControlRig/Content/Controls/ControlRig_Circle_1mm.uexp" 339
"../../../Engine/Plugins/Animation/ControlRig/Content/Controls/ControlRig_Box_solid.ubulk" 340
"../../../Engine/Plugins/Animation/ControlRig/Content/Controls/ControlRig_Box_solid.uasset" 341
"../../../Engine/Plugins/Animation/ControlRig/Content/Controls/ControlRig_Box_solid.uexp" 342
"../../../Engine/Plugins/Animation/ControlRig/Content/Controls/ControlRig_Box_3mm.ubulk" 343
"../../../Engine/Plugins/Animation/ControlRig/Content/Controls/ControlRig_Box_3mm.uasset" 344
"../../../Engine/Plugins/Animation/ControlRig/Content/Controls/ControlRig_Box_3mm.uexp" 345
"../../../Engine/Plugins/Animation/ControlRig/Content/Controls/ControlRig_Box_1mm.ubulk" 346
"../../../Engine/Plugins/Animation/ControlRig/Content/Controls/ControlRig_Box_1mm.uasset" 347
"../../../Engine/Plugins/Animation/ControlRig/Content/Controls/ControlRig_Box_1mm.uexp" 348
"../../../Engine/Plugins/Animation/ControlRig/Content/Controls/ControlRig_Arrow_solid.ubulk" 349
"../../../Engine/Plugins/Animation/ControlRig/Content/Controls/ControlRig_Arrow_solid.uasset" 350
"../../../Engine/Plugins/Animation/ControlRig/Content/Controls/ControlRig_Arrow_solid.uexp" 351
"../../../Engine/Plugins/Animation/ControlRig/Content/Controls/ControlRig_Arrow_3mm.ubulk" 352
"../../../Engine/Plugins/Animation/ControlRig/Content/Controls/ControlRig_Arrow_3mm.uasset" 353
"../../../Engine/Plugins/Animation/ControlRig/Content/Controls/ControlRig_Arrow_3mm.uexp" 354
"../../../Engine/Plugins/Animation/ControlRig/Content/Controls/ControlRig_Arrow_1mm.ubulk" 355
"../../../Engine/Plugins/Animation/ControlRig/Content/Controls/ControlRig_Arrow_1mm.uasset" 356
"../../../Engine/Plugins/Animation/ControlRig/Content/Controls/ControlRig_Arrow_1mm.uexp" 357
"../../../Engine/Plugins/Animation/ControlRig/Content/Controls/ControlRig_Arrow4_solid.ubulk" 358
"../../../Engine/Plugins/Animation/ControlRig/Content/Controls/ControlRig_Arrow4_solid.uasset" 359
"../../../Engine/Plugins/Animation/ControlRig/Content/Controls/ControlRig_Arrow4_solid.uexp" 360
"../../../Engine/Plugins/Animation/ControlRig/Content/Controls/ControlRig_Arrow4_3mm.ubulk" 361
"../../../Engine/Plugins/Animation/ControlRig/Content/Controls/ControlRig_Arrow4_3mm.uasset" 362
"../../../Engine/Plugins/Animation/ControlRig/Content/Controls/ControlRig_Arrow4_3mm.uexp" 363
"../../../Engine/Plugins/Animation/ControlRig/Content/Controls/ControlRig_Arrow4_1mm.ubulk" 364
"../../../Engine/Plugins/Animation/ControlRig/Content/Controls/ControlRig_Arrow4_1mm.uasset" 365
"../../../Engine/Plugins/Animation/ControlRig/Content/Controls/ControlRig_Arrow4_1mm.uexp" 366
"../../../Engine/Plugins/Animation/ControlRig/Content/Controls/ControlRig_Arrow2_solid.ubulk" 367
"../../../Engine/Plugins/Animation/ControlRig/Content/Controls/ControlRig_Arrow2_solid.uasset" 368
"../../../Engine/Plugins/Animation/ControlRig/Content/Controls/ControlRig_Arrow2_solid.uexp" 369
"../../../Engine/Plugins/Animation/ControlRig/Content/Controls/ControlRig_Arrow2_3mm.ubulk" 370
"../../../Engine/Plugins/Animation/ControlRig/Content/Controls/ControlRig_Arrow2_3mm.uasset" 371
"../../../Engine/Plugins/Animation/ControlRig/Content/Controls/ControlRig_Arrow2_3mm.uexp" 372
"../../../Engine/Plugins/Animation/ControlRig/Content/Controls/ControlRig_Arrow2_1mm.ubulk" 373
"../../../Engine/Plugins/Animation/ControlRig/Content/Controls/ControlRig_Arrow2_1mm.uasset" 374
"../../../Engine/Plugins/Animation/ControlRig/Content/Controls/ControlRig_Arrow2_1mm.uexp" 375
"../../../Engine/Plugins/Animation/ControlRig/Content/Controls/ControlRigXRayMaterial.uasset" 376
"../../../Engine/Plugins/Animation/ControlRig/Content/Controls/ControlRigXRayMaterial.uexp" 377
"../../../Engine/Plugins/Animation/ControlRig/Content/Controls/ControlRigGizmoMaterial.uasset" 378
"../../../Engine/Plugins/Animation/ControlRig/Content/Controls/ControlRigGizmoMaterial.uexp" 379
"../../../Engine/Content/EngineSounds/Master.uasset" 380
"../../../Engine/Content/EngineSounds/Master.uexp" 381
"../../../Engine/Content/EngineResources/WhiteSquareTexture.uasset" 382
"../../../Engine/Content/EngineResources/WhiteSquareTexture.uexp" 383
"../../../Engine/Content/EngineMaterials/Widget3DPassThrough.uasset" 384
"../../../Engine/Content/EngineMaterials/Widget3DPassThrough.uexp" 385
"../../../Engine/Content/EngineMaterials/Widget3DPassThrough_Translucent.uasset" 386
"../../../Engine/Content/EngineMaterials/Widget3DPassThrough_Translucent.uexp" 387
"../../../Engine/Content/EngineMaterials/Widget3DPassThrough_Translucent_OneSided.uasset" 388
"../../../Engine/Content/EngineMaterials/Widget3DPassThrough_Translucent_OneSided.uexp" 389
"../../../Engine/Content/EngineMaterials/Widget3DPassThrough_Opaque.uasset" 390
"../../../Engine/Content/EngineMaterials/Widget3DPassThrough_Opaque.uexp" 391
"../../../Engine/Content/EngineMaterials/Widget3DPassThrough_Opaque_OneSided.uasset" 392
"../../../Engine/Content/EngineMaterials/Widget3DPassThrough_Opaque_OneSided.uexp" 393
"../../../Engine/Content/EngineMaterials/Widget3DPassThrough_Masked_OneSided.uasset" 394
"../../../Engine/Content/EngineMaterials/Widget3DPassThrough_Masked_OneSided.uexp" 395
"../../../Engine/Content/EngineMaterials/Widget3DPassThrough_Masked.uasset" 396
"../../../Engine/Content/EngineMaterials/Widget3DPassThrough_Masked.uexp" 397
"../../../Engine/Content/EngineMaterials/STBlueNoise_vec2_128x128x64.uasset" 398
"../../../Engine/Content/EngineMaterials/STBlueNoise_vec2_128x128x64.uexp" 399
"../../../Engine/Content/EngineMaterials/STBlueNoise_scalar_128x128x64.uasset" 400
"../../../Engine/Content/EngineMaterials/STBlueNoise_scalar_128x128x64.uexp" 401
"../../../Engine/Content/EngineMaterials/RemoveSurfaceMaterial.uasset" 402
"../../../Engine/Content/EngineMaterials/RemoveSurfaceMaterial.uexp" 403
"../../../Engine/Content/EngineMaterials/DefaultCalibrationGrayscale.uasset" 404
"../../../Engine/Content/EngineMaterials/DefaultCalibrationGrayscale.uexp" 405
"../../../Engine/Content/EngineMaterials/PPM_DefaultCalibrationGrayscale.uasset" 406
"../../../Engine/Content/EngineMaterials/PPM_DefaultCalibrationGrayscale.uexp" 407
"../../../Engine/Content/EngineMaterials/DefaultCalibrationColor.uasset" 408
"../../../Engine/Content/EngineMaterials/DefaultCalibrationColor.uexp" 409
"../../../Engine/Content/EngineMaterials/PPM_DefaultCalibrationColor.uasset" 410
"../../../Engine/Content/EngineMaterials/PPM_DefaultCalibrationColor.uexp" 411
"../../../Engine/Content/EngineMaterials/PhAT_JointLimitMaterial.uasset" 412
"../../../Engine/Content/EngineMaterials/PhAT_JointLimitMaterial.uexp" 413
"../../../Engine/Content/EngineMaterials/NaniteHiddenSectionMaterial.uasset" 414
"../../../Engine/Content/EngineMaterials/NaniteHiddenSectionMaterial.uexp" 415
"../../../Engine/Content/EngineMaterials/InvalidLightmapSettings.ubulk" 416
"../../../Engine/Content/EngineMaterials/InvalidLightmapSettings.uasset" 417
"../../../Engine/Content/EngineMaterials/InvalidLightmapSettings.uexp" 418
"../../../Engine/Content/EngineMaterials/M_InvalidLightmapSettings.uasset" 419
"../../../Engine/Content/EngineMaterials/M_InvalidLightmapSettings.uexp" 420
"../../../Engine/Content/EngineMaterials/GizmoMaterial.uasset" 421
"../../../Engine/Content/EngineMaterials/GizmoMaterial.uexp" 422
"../../../Engine/Content/EngineMaterials/BaseFlattenEmissiveMap_VT.uasset" 423
"../../../Engine/Content/EngineMaterials/BaseFlattenEmissiveMap_VT.uexp" 424
"../../../Engine/Content/EngineMaterials/BaseFlattenGrayscaleMap_VT.uasset" 425
"../../../Engine/Content/EngineMaterials/BaseFlattenGrayscaleMap_VT.uexp" 426
"../../../Engine/Content/EngineMaterials/BaseFlattenLinearColor_VT.uasset" 427
"../../../Engine/Content/EngineMaterials/BaseFlattenLinearColor_VT.uexp" 428
"../../../Engine/Content/EngineMaterials/Black_1x1_EXR_Texture_VT.uasset" 429
"../../../Engine/Content/EngineMaterials/Black_1x1_EXR_Texture_VT.uexp" 430
"../../../Engine/Content/EngineMaterials/BaseFlattenDiffuseMap_VT.uasset" 431
"../../../Engine/Content/EngineMaterials/BaseFlattenDiffuseMap_VT.uexp" 432
"../../../Engine/Content/EngineMaterials/BaseFlattenNormalMap_VT.uasset" 433
"../../../Engine/Content/EngineMaterials/BaseFlattenNormalMap_VT.uexp" 434
"../../../Engine/Content/EngineMaterials/FlattenMaterial_WS_Normal_VT.uasset" 435
"../../../Engine/Content/EngineMaterials/FlattenMaterial_WS_Normal_VT.uexp" 436
"../../../Engine/Content/EngineMaterials/FlattenMaterial_VT.uasset" 437
"../../../Engine/Content/EngineMaterials/FlattenMaterial_VT.uexp" 438
"../../../Engine/Content/EngineMaterials/BaseFlattenNormalMap.uasset" 439
"../../../Engine/Content/EngineMaterials/BaseFlattenNormalMap.uexp" 440
"../../../Engine/Content/EngineMaterials/BaseFlattenGrayscaleMap.uasset" 441
"../../../Engine/Content/EngineMaterials/BaseFlattenGrayscaleMap.uexp" 442
"../../../Engine/Content/EngineMaterials/BaseFlattenDiffuseMap.uasset" 443
"../../../Engine/Content/EngineMaterials/BaseFlattenDiffuseMap.uexp" 444
"../../../Engine/Content/Functions/Engine_MaterialFunctions02/PivotPainter2/Black_1x1_EXR_Texture.uasset" 445
"../../../Engine/Content/Functions/Engine_MaterialFunctions02/PivotPainter2/Black_1x1_EXR_Texture.uexp" 446
"../../../Engine/Content/EngineMaterials/BaseFlattenEmissiveMap.uasset" 447
"../../../Engine/Content/EngineMaterials/BaseFlattenEmissiveMap.uexp" 448
"../../../Engine/Content/EngineMaterials/BaseFlattenLinearColor.uasset" 449
"../../../Engine/Content/EngineMaterials/BaseFlattenLinearColor.uexp" 450
"../../../Engine/Content/EngineMaterials/FlattenMaterial.uasset" 451
"../../../Engine/Content/EngineMaterials/FlattenMaterial.uexp" 452
"../../../Engine/Content/EngineMaterials/DefaultWhiteGrid_Low.uasset" 453
"../../../Engine/Content/EngineMaterials/DefaultWhiteGrid_Low.uexp" 454
"../../../Engine/Content/EngineMaterials/EmissiveMeshMaterial.uasset" 455
"../../../Engine/Content/EngineMaterials/EmissiveMeshMaterial.uexp" 456
"../../../Engine/Content/EngineFonts/RobotoDistanceField.uasset" 457
"../../../Engine/Content/EngineFonts/RobotoDistanceField.uexp" 458
"../../../Engine/Content/EngineMaterials/DefaultTextMaterialOpaque.uasset" 459
"../../../Engine/Content/EngineMaterials/DefaultTextMaterialOpaque.uexp" 460
"../../../Engine/Content/EngineMaterials/DefaultDiffuse.ubulk" 461
"../../../Engine/Content/EngineMaterials/DefaultDiffuse.uasset" 462
"../../../Engine/Content/EngineMaterials/DefaultDiffuse.uexp" 463
"../../../Engine/Content/Functions/Engine_MaterialFunctions02/Utility/BreakOutFloat2Components.uasset" 464
"../../../Engine/Content/Functions/Engine_MaterialFunctions02/Utility/BreakOutFloat2Components.uexp" 465
"../../../Engine/Content/EngineMaterials/DefaultPostProcessMaterial.uasset" 466
"../../../Engine/Content/EngineMaterials/DefaultPostProcessMaterial.uexp" 467
"../../../Engine/Content/EngineMaterials/DefaultPhysicalMaterial.uasset" 468
"../../../Engine/Content/EngineMaterials/DefaultPhysicalMaterial.uexp" 469
"../../../Engine/Content/EngineMaterials/DefaultLightFunctionMaterial.uasset" 470
"../../../Engine/Content/EngineMaterials/DefaultLightFunctionMaterial.uexp" 471
"../../../Engine/Content/EngineMaterials/DefaultDestructiblePhysicalMaterial.uasset" 472
"../../../Engine/Content/EngineMaterials/DefaultDestructiblePhysicalMaterial.uexp" 473
"../../../Engine/Content/EngineMaterials/DefaultDeferredDecalMaterial.uasset" 474
"../../../Engine/Content/EngineMaterials/DefaultDeferredDecalMaterial.uexp" 475
"../../../Engine/Content/EngineMaterials/DefaultBloomKernel.uasset" 476
"../../../Engine/Content/EngineMaterials/DefaultBloomKernel.uexp" 477
"../../../Engine/Content/EngineFonts/Faces/RobotoLight.uexp" 478
"../../../Engine/Content/EngineFonts/Faces/RobotoLight.uasset" 479
"../../../Engine/Content/EngineFonts/Faces/RobotoLight.ufont" 480
"../../../Engine/Content/EngineFonts/Faces/RobotoBold.uexp" 481
"../../../Engine/Content/EngineFonts/Faces/RobotoBold.uasset" 482
"../../../Engine/Content/EngineFonts/Faces/RobotoBold.ufont" 483
"../../../Engine/Content/EngineFonts/Faces/RobotoRegular.uexp" 484
"../../../Engine/Content/EngineFonts/Faces/RobotoRegular.uasset" 485
"../../../Engine/Content/EngineFonts/Faces/RobotoRegular.ufont" 486
"../../../Engine/Content/EngineFonts/Faces/DroidSansFallback.uexp" 487
"../../../Engine/Content/EngineFonts/Faces/DroidSansFallback.uasset" 488
"../../../Engine/Content/EngineFonts/Faces/DroidSansFallback.ufont" 489
"../../../Engine/Content/EngineFonts/Faces/RobotoItalic.uexp" 490
"../../../Engine/Content/EngineFonts/Faces/RobotoItalic.uasset" 491
"../../../Engine/Content/EngineFonts/Faces/RobotoItalic.ufont" 492
"../../../Engine/Content/EngineFonts/Faces/RobotoBoldItalic.uexp" 493
"../../../Engine/Content/EngineFonts/Faces/RobotoBoldItalic.uasset" 494
"../../../Engine/Content/EngineFonts/Faces/RobotoBoldItalic.ufont" 495
"../../../Engine/Content/EngineFonts/Roboto.uasset" 496
"../../../Engine/Content/EngineFonts/Roboto.uexp" 497
"../../../Engine/Content/EditorResources/S_Terrain.ubulk" 498
"../../../Engine/Content/EditorResources/S_Terrain.uasset" 499
"../../../Engine/Content/EditorResources/S_Terrain.uexp" 500
"../../../Engine/Content/EditorResources/EmptyActor.uasset" 501
"../../../Engine/Content/EditorResources/EmptyActor.uexp" 502
"../../../Engine/Content/EditorResources/BSPVertex.uasset" 503
"../../../Engine/Content/EditorResources/BSPVertex.uexp" 504
"../../../Engine/Content/EditorMaterials/PreviewShadowIndicator.ubulk" 505
"../../../Engine/Content/EditorMaterials/PreviewShadowIndicator.uasset" 506
"../../../Engine/Content/EditorMaterials/PreviewShadowIndicator.uexp" 507
"../../../Engine/Content/EditorMaterials/PreviewShadowIndicatorMaterial.uasset" 508
"../../../Engine/Content/EditorMaterials/PreviewShadowIndicatorMaterial.uexp" 509
"../../../Engine/Content/EditorMaterials/PhAT_UnselectedMaterial.uasset" 510
"../../../Engine/Content/EditorMaterials/PhAT_UnselectedMaterial.uexp" 511
"../../../Engine/Content/EditorMaterials/PhAT_NoCollisionMaterial.uasset" 512
"../../../Engine/Content/EditorMaterials/PhAT_NoCollisionMaterial.uexp" 513
"../../../Engine/Content/EditorLandscapeResources/DefaultAlphaTexture.uasset" 514
"../../../Engine/Content/EditorLandscapeResources/DefaultAlphaTexture.uexp" 515
"../../../Engine/Content/EditorLandscapeResources/DataLayer.uasset" 516
"../../../Engine/Content/EditorLandscapeResources/DataLayer.uexp" 517
"C:/UnrealFiles/UnrealProjects/Hunters/Content/LevelPrototyping/Textures/T_GridChecker_A.ubulk" 518
"C:/UnrealFiles/UnrealProjects/Hunters/Content/LevelPrototyping/Textures/T_GridChecker_A.uasset" 519
"C:/UnrealFiles/UnrealProjects/Hunters/Content/LevelPrototyping/Textures/T_GridChecker_A.uexp" 520
"../../../Engine/Content/Functions/Engine_MaterialFunctions02/Utility/MakeFloat3.uasset" 521
"../../../Engine/Content/Functions/Engine_MaterialFunctions02/Utility/MakeFloat3.uexp" 522
"../../../Engine/Content/Functions/Engine_MaterialFunctions01/Gradient/LinearGradient.uasset" 523
"../../../Engine/Content/Functions/Engine_MaterialFunctions01/Gradient/LinearGradient.uexp" 524
"../../../Engine/Content/Functions/Engine_MaterialFunctions01/ImageAdjustment/CheapContrast.uasset" 525
"../../../Engine/Content/Functions/Engine_MaterialFunctions01/ImageAdjustment/CheapContrast.uexp" 526
"C:/UnrealFiles/UnrealProjects/Hunters/Content/LevelPrototyping/Materials/MF_ProcGrid.uasset" 527
"C:/UnrealFiles/UnrealProjects/Hunters/Content/LevelPrototyping/Materials/MF_ProcGrid.uexp" 528
"C:/UnrealFiles/UnrealProjects/Hunters/Content/LevelPrototyping/Materials/M_PrototypeGrid.uasset" 529
"C:/UnrealFiles/UnrealProjects/Hunters/Content/LevelPrototyping/Materials/M_PrototypeGrid.uexp" 530
"C:/UnrealFiles/UnrealProjects/Hunters/Content/LevelPrototyping/Materials/MI_PrototypeGrid_Gray.uasset" 531
"C:/UnrealFiles/UnrealProjects/Hunters/Content/LevelPrototyping/Materials/MI_PrototypeGrid_Gray.uexp" 532
"C:/UnrealFiles/UnrealProjects/Hunters/Content/LevelPrototyping/Meshes/SM_Ramp.ubulk" 533
"C:/UnrealFiles/UnrealProjects/Hunters/Content/LevelPrototyping/Meshes/SM_Ramp.uasset" 534
"C:/UnrealFiles/UnrealProjects/Hunters/Content/LevelPrototyping/Meshes/SM_Ramp.uexp" 535
"C:/UnrealFiles/UnrealProjects/Hunters/Content/LevelPrototyping/Meshes/SM_QuarterCylinder.ubulk" 536
"C:/UnrealFiles/UnrealProjects/Hunters/Content/LevelPrototyping/Meshes/SM_QuarterCylinder.uasset" 537
"C:/UnrealFiles/UnrealProjects/Hunters/Content/LevelPrototyping/Meshes/SM_QuarterCylinder.uexp" 538
"C:/UnrealFiles/UnrealProjects/Hunters/Content/LevelPrototyping/Meshes/SM_Cylinder.ubulk" 539
"C:/UnrealFiles/UnrealProjects/Hunters/Content/LevelPrototyping/Meshes/SM_Cylinder.uasset" 540
"C:/UnrealFiles/UnrealProjects/Hunters/Content/LevelPrototyping/Meshes/SM_Cylinder.uexp" 541
"C:/UnrealFiles/UnrealProjects/Hunters/Content/LevelPrototyping/Meshes/SM_Cube.ubulk" 542
"C:/UnrealFiles/UnrealProjects/Hunters/Content/LevelPrototyping/Meshes/SM_Cube.uasset" 543
"C:/UnrealFiles/UnrealProjects/Hunters/Content/LevelPrototyping/Meshes/SM_Cube.uexp" 544
"C:/UnrealFiles/UnrealProjects/Hunters/Content/LevelPrototyping/Materials/M_Solid.uasset" 545
"C:/UnrealFiles/UnrealProjects/Hunters/Content/LevelPrototyping/Materials/M_Solid.uexp" 546
"C:/UnrealFiles/UnrealProjects/Hunters/Content/LevelPrototyping/Materials/MI_Solid_Blue.uasset" 547
"C:/UnrealFiles/UnrealProjects/Hunters/Content/LevelPrototyping/Materials/MI_Solid_Blue.uexp" 548
"C:/UnrealFiles/UnrealProjects/Hunters/Content/LevelPrototyping/Meshes/SM_ChamferCube.ubulk" 549
"C:/UnrealFiles/UnrealProjects/Hunters/Content/LevelPrototyping/Meshes/SM_ChamferCube.uasset" 550
"C:/UnrealFiles/UnrealProjects/Hunters/Content/LevelPrototyping/Meshes/SM_ChamferCube.uexp" 551
"C:/UnrealFiles/UnrealProjects/Hunters/Content/LevelPrototyping/Materials/MI_PrototypeGrid_TopDark.uasset" 552
"C:/UnrealFiles/UnrealProjects/Hunters/Content/LevelPrototyping/Materials/MI_PrototypeGrid_TopDark.uexp" 553
"C:/UnrealFiles/UnrealProjects/Hunters/Content/LevelPrototyping/Materials/MI_PrototypeGrid_Gray_02.uasset" 554
"C:/UnrealFiles/UnrealProjects/Hunters/Content/LevelPrototyping/Materials/MI_PrototypeGrid_Gray_02.uexp" 555
"C:/UnrealFiles/UnrealProjects/Hunters/Content/FPWeapon/Mesh/SK_FPGun_PhysicsAsset.uasset" 556
"C:/UnrealFiles/UnrealProjects/Hunters/Content/FPWeapon/Mesh/SK_FPGun_PhysicsAsset.uexp" 557
"../../../Engine/Content/Animation/DefaultAnimCurveCompressionSettings.uasset" 558
"../../../Engine/Content/Animation/DefaultAnimCurveCompressionSettings.uexp" 559
"../../../Engine/Content/Animation/DefaultRecorderBoneCompression.uasset" 560
"../../../Engine/Content/Animation/DefaultRecorderBoneCompression.uexp" 561
"C:/UnrealFiles/UnrealProjects/Hunters/Content/FirstPersonArms/Character/Mesh/SK_Mannequin_Arms_Skeleton.uasset" 562
"C:/UnrealFiles/UnrealProjects/Hunters/Content/FirstPersonArms/Character/Mesh/SK_Mannequin_Arms_Skeleton.uexp" 563
"C:/UnrealFiles/UnrealProjects/Hunters/Content/FirstPersonArms/Animations/FP_Walk_Fwd.uasset" 564
"C:/UnrealFiles/UnrealProjects/Hunters/Content/FirstPersonArms/Animations/FP_Walk_Fwd.uexp" 565
"C:/UnrealFiles/UnrealProjects/Hunters/Content/FirstPerson/Maps/FirstPersonMap_BuiltData.ubulk" 566
"C:/UnrealFiles/UnrealProjects/Hunters/Content/FirstPerson/Maps/FirstPersonMap_BuiltData.uasset" 567
"C:/UnrealFiles/UnrealProjects/Hunters/Content/FirstPerson/Maps/FirstPersonMap_BuiltData.uexp" 568
"../../../Engine/Content/MobileResources/HUD/VirtualJoystick_Background.uasset" 569
"../../../Engine/Content/MobileResources/HUD/VirtualJoystick_Background.uexp" 570
"../../../Engine/Content/MobileResources/HUD/VirtualJoystick_Thumb.uasset" 571
"../../../Engine/Content/MobileResources/HUD/VirtualJoystick_Thumb.uexp" 572
"../../../Engine/Content/MobileResources/HUD/DefaultVirtualJoysticks.uasset" 573
"../../../Engine/Content/MobileResources/HUD/DefaultVirtualJoysticks.uexp" 574
"../../../Engine/Content/EngineSky/VolumetricClouds/CloudWeatherTexture.uasset" 575
"../../../Engine/Content/EngineSky/VolumetricClouds/CloudWeatherTexture.uexp" 576
"../../../Engine/Content/Functions/Engine_MaterialFunctions02/Utility/MakeFloat2.uasset" 577
"../../../Engine/Content/Functions/Engine_MaterialFunctions02/Utility/MakeFloat2.uexp" 578
"../../../Engine/Content/EngineSky/VolumetricClouds/CloudGradientTexture.uasset" 579
"../../../Engine/Content/EngineSky/VolumetricClouds/CloudGradientTexture.uexp" 580
"../../../Engine/Content/EngineSky/VolumetricClouds/T_NoiseShape64.ubulk" 581
"../../../Engine/Content/EngineSky/VolumetricClouds/T_NoiseShape64.uasset" 582
"../../../Engine/Content/EngineSky/VolumetricClouds/T_NoiseShape64.uexp" 583
"../../../Engine/Content/EngineSky/VolumetricClouds/T_VolumeNoiseShape64.uasset" 584
"../../../Engine/Content/EngineSky/VolumetricClouds/T_VolumeNoiseShape64.uexp" 585
"../../../Engine/Content/EngineSky/VolumetricClouds/T_NoiseErosion.ubulk" 586
"../../../Engine/Content/EngineSky/VolumetricClouds/T_NoiseErosion.uasset" 587
"../../../Engine/Content/EngineSky/VolumetricClouds/T_NoiseErosion.uexp" 588
"../../../Engine/Content/EngineSky/VolumetricClouds/T_VolumeNoiseErosion32.uasset" 589
"../../../Engine/Content/EngineSky/VolumetricClouds/T_VolumeNoiseErosion32.uexp" 590
"../../../Engine/Content/EngineSky/VolumetricClouds/m_SimpleVolumetricCloud.uasset" 591
"../../../Engine/Content/EngineSky/VolumetricClouds/m_SimpleVolumetricCloud.uexp" 592
"../../../Engine/Content/EngineSky/VolumetricClouds/m_SimpleVolumetricCloud_Inst.uasset" 593
"../../../Engine/Content/EngineSky/VolumetricClouds/m_SimpleVolumetricCloud_Inst.uexp" 594
"../../../Engine/Content/EngineResources/FilmGrains/Marcie_Grain_v3_128_M2_000.uasset" 595
"../../../Engine/Content/EngineResources/FilmGrains/Marcie_Grain_v3_128_M2_000.uexp" 596
"../../../Engine/Content/EditorResources/SequenceRecorder/RecordingIndicator.uasset" 597
"../../../Engine/Content/EditorResources/SequenceRecorder/RecordingIndicator.uexp" 598
"../../../Engine/Content/EditorResources/SequenceRecorder/Countdown.uasset" 599
"../../../Engine/Content/EditorResources/SequenceRecorder/Countdown.uexp" 600
"C:/UnrealFiles/UnrealProjects/Hunters/Content/Game/Hunters/Blueprints/BP_GameInstance.uasset" 601
"C:/UnrealFiles/UnrealProjects/Hunters/Content/Game/Hunters/Blueprints/BP_GameInstance.uexp" 602
"C:/UnrealFiles/UnrealProjects/Hunters/Content/FPWeapon/Materials/MaterialLayers/T_ML_FineRubber.ubulk" 603
"C:/UnrealFiles/UnrealProjects/Hunters/Content/FPWeapon/Materials/MaterialLayers/T_ML_FineRubber.uasset" 604
"C:/UnrealFiles/UnrealProjects/Hunters/Content/FPWeapon/Materials/MaterialLayers/T_ML_FineRubber.uexp" 605
"../../../Engine/Content/Maps/Templates/HLODs/HLODLayer_Merged.uasset" 606
"../../../Engine/Content/Maps/Templates/HLODs/HLODLayer_Merged.uexp" 607
"../../../Engine/Content/Functions/Engine_MaterialFunctions01/Shading/PowerToRoughness.uasset" 608
"../../../Engine/Content/Functions/Engine_MaterialFunctions01/Shading/PowerToRoughness.uexp" 609
"../../../Engine/Content/Functions/Engine_MaterialFunctions01/Shading/ConvertFromDiffSpec.uasset" 610
"../../../Engine/Content/Functions/Engine_MaterialFunctions01/Shading/ConvertFromDiffSpec.uexp" 611
"../../../Engine/Content/Maps/Entry_BuiltData.uasset" 612
"../../../Engine/Content/Maps/Entry_BuiltData.uexp" 613
"../../../Engine/Content/Maps/Entry.uexp" 614
"../../../Engine/Content/Maps/Entry.umap" 615
"../../../Engine/Content/Maps/Templates/HLODs/HLODLayer_Instanced.uasset" 616
"../../../Engine/Content/Maps/Templates/HLODs/HLODLayer_Instanced.uexp" 617
"C:/UnrealFiles/UnrealProjects/Hunters/Content/FirstPerson/Maps/FirstPersonMap.uexp" 618
"C:/UnrealFiles/UnrealProjects/Hunters/Content/FirstPerson/Maps/FirstPersonMap.umap" 619
"../../../Engine/Content/EngineMaterials/BlendFunc_DefBlend.uasset" 620
"../../../Engine/Content/EngineMaterials/BlendFunc_DefBlend.uexp" 621
"../../../Engine/Content/EngineMaterials/BlendFunc_DefBase.uasset" 622
"../../../Engine/Content/EngineMaterials/BlendFunc_DefBase.uexp" 623
"../../../Engine/Content/Functions/Engine_MaterialFunctions03/Blends/Blend_Overlay.uasset" 624
"../../../Engine/Content/Functions/Engine_MaterialFunctions03/Blends/Blend_Overlay.uexp" 625
"../../../Engine/Content/OpenWorldTemplate/LandscapeMaterial/T_GridChecker_A.ubulk" 626
"../../../Engine/Content/OpenWorldTemplate/LandscapeMaterial/T_GridChecker_A.uasset" 627
"../../../Engine/Content/OpenWorldTemplate/LandscapeMaterial/T_GridChecker_A.uexp" 628
"../../../Engine/Content/OpenWorldTemplate/LandscapeMaterial/MF_ProcGrid.uasset" 629
"../../../Engine/Content/OpenWorldTemplate/LandscapeMaterial/MF_ProcGrid.uexp" 630
"../../../Engine/Content/OpenWorldTemplate/LandscapeMaterial/M_ProcGrid.uasset" 631
"../../../Engine/Content/OpenWorldTemplate/LandscapeMaterial/M_ProcGrid.uexp" 632
"../../../Engine/Content/OpenWorldTemplate/LandscapeMaterial/MI_ProcGrid.uasset" 633
"../../../Engine/Content/OpenWorldTemplate/LandscapeMaterial/MI_ProcGrid.uexp" 634
"../../../Engine/Content/EngineSky/T_Sky_Stars.ubulk" 635
"../../../Engine/Content/EngineSky/T_Sky_Stars.uasset" 636
"../../../Engine/Content/EngineSky/T_Sky_Stars.uexp" 637
"../../../Engine/Content/EngineSky/T_Sky_Clouds_M.ubulk" 638
"../../../Engine/Content/EngineSky/T_Sky_Clouds_M.uasset" 639
"../../../Engine/Content/EngineSky/T_Sky_Clouds_M.uexp" 640
"../../../Engine/Content/EngineSky/T_Sky_Blue.ubulk" 641
"../../../Engine/Content/EngineSky/T_Sky_Blue.uasset" 642
"../../../Engine/Content/EngineSky/T_Sky_Blue.uexp" 643
"../../../Engine/Content/EngineSky/M_Sky_Panning_Clouds2.uasset" 644
"../../../Engine/Content/EngineSky/M_Sky_Panning_Clouds2.uexp" 645
"../../../Engine/Content/EngineSky/SM_SkySphere.ubulk" 646
"../../../Engine/Content/EngineSky/SM_SkySphere.uasset" 647
"../../../Engine/Content/EngineSky/SM_SkySphere.uexp" 648
"../../../Engine/Content/MapTemplates/SM_Template_Map_Floor.ubulk" 649
"../../../Engine/Content/MapTemplates/SM_Template_Map_Floor.uasset" 650
"../../../Engine/Content/MapTemplates/SM_Template_Map_Floor.uexp" 651
"../../../Engine/Content/BasicShapes/Cube.ubulk" 652
"../../../Engine/Content/BasicShapes/Cube.uasset" 653
"../../../Engine/Content/BasicShapes/Cube.uexp" 654
"../../../Engine/Content/BasicShapes/BasicShapeMaterial.uasset" 655
"../../../Engine/Content/BasicShapes/BasicShapeMaterial.uexp" 656
"C:/UnrealFiles/UnrealProjects/Hunters/Content/FirstPerson/Blueprints/BP_Test.uasset" 657
"C:/UnrealFiles/UnrealProjects/Hunters/Content/FirstPerson/Blueprints/BP_Test.uexp" 658
"C:/UnrealFiles/UnrealProjects/Hunters/Content/Game/Hunters/Blueprints/Session_GameMode.uasset" 659
"C:/UnrealFiles/UnrealProjects/Hunters/Content/Game/Hunters/Blueprints/Session_GameMode.uexp" 660
"../../../Engine/Content/EngineSky/M_SimpleSkyDome.uasset" 661
"../../../Engine/Content/EngineSky/M_SimpleSkyDome.uexp" 662
"C:/UnrealFiles/UnrealProjects/Hunters/Content/FirstPerson/Input/Actions/IA_Shoot.uasset" 663
"C:/UnrealFiles/UnrealProjects/Hunters/Content/FirstPerson/Input/Actions/IA_Shoot.uexp" 664
"C:/UnrealFiles/UnrealProjects/Hunters/Content/FirstPerson/Input/IMC_Weapons.uasset" 665
"C:/UnrealFiles/UnrealProjects/Hunters/Content/FirstPerson/Input/IMC_Weapons.uexp" 666
"C:/UnrealFiles/UnrealProjects/Hunters/Content/FPWeapon/Mesh/SK_FPGun_Skeleton.uasset" 667
"C:/UnrealFiles/UnrealProjects/Hunters/Content/FPWeapon/Mesh/SK_FPGun_Skeleton.uexp" 668
"C:/UnrealFiles/UnrealProjects/Hunters/Content/FPWeapon/Materials/MaterialLayers/T_ML_Rubber_Blue_01_D.ubulk" 669
"C:/UnrealFiles/UnrealProjects/Hunters/Content/FPWeapon/Materials/MaterialLayers/T_ML_Rubber_Blue_01_D.uasset" 670
"C:/UnrealFiles/UnrealProjects/Hunters/Content/FPWeapon/Materials/MaterialLayers/T_ML_Rubber_Blue_01_D.uexp" 671
"C:/UnrealFiles/UnrealProjects/Hunters/Content/FPWeapon/Textures/T_FPGun_N.ubulk" 672
"C:/UnrealFiles/UnrealProjects/Hunters/Content/FPWeapon/Textures/T_FPGun_N.uasset" 673
"C:/UnrealFiles/UnrealProjects/Hunters/Content/FPWeapon/Textures/T_FPGun_N.uexp" 674
"../../../Engine/Content/Functions/Engine_MaterialFunctions02/Utility/BlendAngleCorrectedNormals.uasset" 675
"../../../Engine/Content/Functions/Engine_MaterialFunctions02/Utility/BlendAngleCorrectedNormals.uexp" 676
"../../../Engine/Content/Functions/MaterialLayerFunctions/MatLayerBlend_NormalBlend.uasset" 677
"../../../Engine/Content/Functions/MaterialLayerFunctions/MatLayerBlend_NormalBlend.uexp" 678
"C:/UnrealFiles/UnrealProjects/Hunters/Content/FPWeapon/Materials/MaterialLayers/T_ML_Rubber_Blue_01_N.ubulk" 679
"C:/UnrealFiles/UnrealProjects/Hunters/Content/FPWeapon/Materials/MaterialLayers/T_ML_Rubber_Blue_01_N.uasset" 680
"C:/UnrealFiles/UnrealProjects/Hunters/Content/FPWeapon/Materials/MaterialLayers/T_ML_Rubber_Blue_01_N.uexp" 681
"C:/UnrealFiles/UnrealProjects/Hunters/Content/FPWeapon/Materials/MaterialLayers/ML_Screen.uasset" 682
"C:/UnrealFiles/UnrealProjects/Hunters/Content/FPWeapon/Materials/MaterialLayers/ML_Screen.uexp" 683
"C:/UnrealFiles/UnrealProjects/Hunters/Content/FPWeapon/Materials/MaterialLayers/T_ML_Aluminum01_N.ubulk" 684
"C:/UnrealFiles/UnrealProjects/Hunters/Content/FPWeapon/Materials/MaterialLayers/T_ML_Aluminum01_N.uasset" 685
"C:/UnrealFiles/UnrealProjects/Hunters/Content/FPWeapon/Materials/MaterialLayers/T_ML_Aluminum01_N.uexp" 686
"C:/UnrealFiles/UnrealProjects/Hunters/Content/FPWeapon/Materials/MaterialLayers/T_ML_Aluminum01.ubulk" 687
"C:/UnrealFiles/UnrealProjects/Hunters/Content/FPWeapon/Materials/MaterialLayers/T_ML_Aluminum01.uasset" 688
"C:/UnrealFiles/UnrealProjects/Hunters/Content/FPWeapon/Materials/MaterialLayers/T_ML_Aluminum01.uexp" 689
"C:/UnrealFiles/UnrealProjects/Hunters/Content/FPWeapon/Materials/MaterialLayers/ML_SoftMetal_UE4.uasset" 690
"C:/UnrealFiles/UnrealProjects/Hunters/Content/FPWeapon/Materials/MaterialLayers/ML_SoftMetal_UE4.uexp" 691
"../../../Engine/Content/Functions/MaterialLayerFunctions/MatLayerBlend_Simple.uasset" 692
"../../../Engine/Content/Functions/MaterialLayerFunctions/MatLayerBlend_Simple.uexp" 693
"C:/UnrealFiles/UnrealProjects/Hunters/Content/FPWeapon/Textures/T_FPGun_M.ubulk" 694
"C:/UnrealFiles/UnrealProjects/Hunters/Content/FPWeapon/Textures/T_FPGun_M.uasset" 695
"C:/UnrealFiles/UnrealProjects/Hunters/Content/FPWeapon/Textures/T_FPGun_M.uexp" 696
"C:/UnrealFiles/UnrealProjects/Hunters/Content/FPWeapon/Materials/MaterialLayers/ML_Plastic_Shiny_Beige.uasset" 697
"C:/UnrealFiles/UnrealProjects/Hunters/Content/FPWeapon/Materials/MaterialLayers/ML_Plastic_Shiny_Beige.uexp" 698
"C:/UnrealFiles/UnrealProjects/Hunters/Content/FPWeapon/Materials/MaterialLayers/ML_GlossyBlack_Latex_UE4.uasset" 699
"C:/UnrealFiles/UnrealProjects/Hunters/Content/FPWeapon/Materials/MaterialLayers/ML_GlossyBlack_Latex_UE4.uexp" 700
"C:/UnrealFiles/UnrealProjects/Hunters/Content/FPWeapon/Materials/M_FPGun.uasset" 701
"C:/UnrealFiles/UnrealProjects/Hunters/Content/FPWeapon/Materials/M_FPGun.uexp" 702
"C:/UnrealFiles/UnrealProjects/Hunters/Content/FPWeapon/Mesh/SK_FPGun_Physics.uasset" 703
"C:/UnrealFiles/UnrealProjects/Hunters/Content/FPWeapon/Mesh/SK_FPGun_Physics.uexp" 704
"C:/UnrealFiles/UnrealProjects/Hunters/Content/FPWeapon/Mesh/SK_FPGun.uasset" 705
"C:/UnrealFiles/UnrealProjects/Hunters/Content/FPWeapon/Mesh/SK_FPGun.uexp" 706
"C:/UnrealFiles/UnrealProjects/Hunters/Content/FPWeapon/Audio/FirstPersonTemplateWeaponFire02.ubulk" 707
"C:/UnrealFiles/UnrealProjects/Hunters/Content/FPWeapon/Audio/FirstPersonTemplateWeaponFire02.uasset" 708
"C:/UnrealFiles/UnrealProjects/Hunters/Content/FPWeapon/Audio/FirstPersonTemplateWeaponFire02.uexp" 709
"C:/UnrealFiles/UnrealProjects/Hunters/Content/FPWeapon/Materials/BaseMaterial.uasset" 710
"C:/UnrealFiles/UnrealProjects/Hunters/Content/FPWeapon/Materials/BaseMaterial.uexp" 711
"C:/UnrealFiles/UnrealProjects/Hunters/Content/FPWeapon/Materials/FirstPersonProjectileMaterial.uasset" 712
"C:/UnrealFiles/UnrealProjects/Hunters/Content/FPWeapon/Materials/FirstPersonProjectileMaterial.uexp" 713
"C:/UnrealFiles/UnrealProjects/Hunters/Content/FPWeapon/Mesh/FirstPersonProjectileMesh.ubulk" 714
"C:/UnrealFiles/UnrealProjects/Hunters/Content/FPWeapon/Mesh/FirstPersonProjectileMesh.uasset" 715
"C:/UnrealFiles/UnrealProjects/Hunters/Content/FPWeapon/Mesh/FirstPersonProjectileMesh.uexp" 716
"C:/UnrealFiles/UnrealProjects/Hunters/Content/FirstPerson/Blueprints/BP_FirstPersonProjectile.uasset" 717
"C:/UnrealFiles/UnrealProjects/Hunters/Content/FirstPerson/Blueprints/BP_FirstPersonProjectile.uexp" 718
"../../../Engine/Content/Animation/DefaultAnimBoneCompressionSettings.uasset" 719
"../../../Engine/Content/Animation/DefaultAnimBoneCompressionSettings.uexp" 720
"C:/UnrealFiles/UnrealProjects/Hunters/Content/FirstPersonArms/Animations/FP_Rifle_Fire.uasset" 721
"C:/UnrealFiles/UnrealProjects/Hunters/Content/FirstPersonArms/Animations/FP_Rifle_Fire.uexp" 722
"C:/UnrealFiles/UnrealProjects/Hunters/Content/FirstPersonArms/Animations/FP_Rifle_Shoot_Montage.uasset" 723
"C:/UnrealFiles/UnrealProjects/Hunters/Content/FirstPersonArms/Animations/FP_Rifle_Shoot_Montage.uexp" 724
"C:/UnrealFiles/UnrealProjects/Hunters/Content/FirstPerson/Blueprints/BP_PickUp_Rifle.uasset" 725
"C:/UnrealFiles/UnrealProjects/Hunters/Content/FirstPerson/Blueprints/BP_PickUp_Rifle.uexp" 726
"C:/UnrealFiles/UnrealProjects/Hunters/Content/Game/Hunters/Maps/LV_MainSession.uexp" 727
"C:/UnrealFiles/UnrealProjects/Hunters/Content/Game/Hunters/Maps/LV_MainSession.umap" 728
"C:/UnrealFiles/UnrealProjects/Hunters/Content/Game/Hunters/Maps/LV_Creative.uexp" 729
"C:/UnrealFiles/UnrealProjects/Hunters/Content/Game/Hunters/Maps/LV_Creative.umap" 730
